<?xml version="1.0" encoding="UTF-8"?>
<!-- Generated by org.testng.reporters.JUnitReportReporter -->
<testsuite skipped="121" hostname="Akashs-MacBook-Pro.local" name="com.healthec.test.ProfilePageUC" tests="122" failures="0" timestamp="06 Jun 2018 01:48:08 GMT" time="8.160" errors="0">
  <testcase name="profilePageTC_001" time="8.160" classname="com.healthec.test.ProfilePageUC"/>
  <testcase name="profilePageTC_090" classname="com.healthec.test.ProfilePageUC">
    <skipped/>
  </testcase> <!-- profilePageTC_090 -->
  <testcase name="profilePageTC_008" classname="com.healthec.test.ProfilePageUC">
    <skipped/>
  </testcase> <!-- profilePageTC_008 -->
  <testcase name="profilePageTC_017" classname="com.healthec.test.ProfilePageUC">
    <skipped/>
  </testcase> <!-- profilePageTC_017 -->
  <testcase name="profilePageTC_009" classname="com.healthec.test.ProfilePageUC">
    <skipped/>
  </testcase> <!-- profilePageTC_009 -->
  <testcase name="profilePageTC_015" classname="com.healthec.test.ProfilePageUC">
    <skipped/>
  </testcase> <!-- profilePageTC_015 -->
  <testcase name="profilePageTC_018" classname="com.healthec.test.ProfilePageUC">
    <skipped/>
  </testcase> <!-- profilePageTC_018 -->
  <testcase name="profilePageTC_013" classname="com.healthec.test.ProfilePageUC">
    <skipped/>
  </testcase> <!-- profilePageTC_013 -->
  <testcase name="profilePageTC_016" classname="com.healthec.test.ProfilePageUC">
    <skipped/>
  </testcase> <!-- profilePageTC_016 -->
  <testcase name="profilePageTC_011" classname="com.healthec.test.ProfilePageUC">
    <skipped/>
  </testcase> <!-- profilePageTC_011 -->
  <testcase name="profilePageTC_099" classname="com.healthec.test.ProfilePageUC">
    <skipped/>
  </testcase> <!-- profilePageTC_099 -->
  <testcase name="profilePageTC_014" classname="com.healthec.test.ProfilePageUC">
    <skipped/>
  </testcase> <!-- profilePageTC_014 -->
  <testcase name="profilePageTC_097" classname="com.healthec.test.ProfilePageUC">
    <skipped/>
  </testcase> <!-- profilePageTC_097 -->
  <testcase name="profilePageTC_012" classname="com.healthec.test.ProfilePageUC">
    <skipped/>
  </testcase> <!-- profilePageTC_012 -->
  <testcase name="profilePageTC_095" classname="com.healthec.test.ProfilePageUC">
    <skipped/>
  </testcase> <!-- profilePageTC_095 -->
  <testcase name="profilePageTC_010" classname="com.healthec.test.ProfilePageUC">
    <skipped/>
  </testcase> <!-- profilePageTC_010 -->
  <testcase name="profilePageTC_098" classname="com.healthec.test.ProfilePageUC">
    <skipped/>
  </testcase> <!-- profilePageTC_098 -->
  <testcase name="profilePageTC_093" classname="com.healthec.test.ProfilePageUC">
    <skipped/>
  </testcase> <!-- profilePageTC_093 -->
  <testcase name="profilePageTC_096" classname="com.healthec.test.ProfilePageUC">
    <skipped/>
  </testcase> <!-- profilePageTC_096 -->
  <testcase name="profilePageTC_091" classname="com.healthec.test.ProfilePageUC">
    <skipped/>
  </testcase> <!-- profilePageTC_091 -->
  <testcase name="profilePageTC_094" classname="com.healthec.test.ProfilePageUC">
    <skipped/>
  </testcase> <!-- profilePageTC_094 -->
  <testcase name="profilePageTC_092" classname="com.healthec.test.ProfilePageUC">
    <skipped/>
  </testcase> <!-- profilePageTC_092 -->
  <testcase name="profilePageTC_019" classname="com.healthec.test.ProfilePageUC">
    <skipped/>
  </testcase> <!-- profilePageTC_019 -->
  <testcase name="profilePageTC_028" classname="com.healthec.test.ProfilePageUC">
    <skipped/>
  </testcase> <!-- profilePageTC_028 -->
  <testcase name="profilePageTC_026" classname="com.healthec.test.ProfilePageUC">
    <skipped/>
  </testcase> <!-- profilePageTC_026 -->
  <testcase name="profilePageTC_029" classname="com.healthec.test.ProfilePageUC">
    <skipped/>
  </testcase> <!-- profilePageTC_029 -->
  <testcase name="profilePageTC_024" classname="com.healthec.test.ProfilePageUC">
    <skipped/>
  </testcase> <!-- profilePageTC_024 -->
  <testcase name="profilePageTC_027" classname="com.healthec.test.ProfilePageUC">
    <skipped/>
  </testcase> <!-- profilePageTC_027 -->
  <testcase name="profilePageTC_022" classname="com.healthec.test.ProfilePageUC">
    <skipped/>
  </testcase> <!-- profilePageTC_022 -->
  <testcase name="profilePageTC_025" classname="com.healthec.test.ProfilePageUC">
    <skipped/>
  </testcase> <!-- profilePageTC_025 -->
  <testcase name="profilePageTC_020" classname="com.healthec.test.ProfilePageUC">
    <skipped/>
  </testcase> <!-- profilePageTC_020 -->
  <testcase name="profilePageTC_023" classname="com.healthec.test.ProfilePageUC">
    <skipped/>
  </testcase> <!-- profilePageTC_023 -->
  <testcase name="profilePageTC_021" classname="com.healthec.test.ProfilePageUC">
    <skipped/>
  </testcase> <!-- profilePageTC_021 -->
  <testcase name="profilePageTC_039" classname="com.healthec.test.ProfilePageUC">
    <skipped/>
  </testcase> <!-- profilePageTC_039 -->
  <testcase name="profilePageTC_037" classname="com.healthec.test.ProfilePageUC">
    <skipped/>
  </testcase> <!-- profilePageTC_037 -->
  <testcase name="profilePageTC_035" classname="com.healthec.test.ProfilePageUC">
    <skipped/>
  </testcase> <!-- profilePageTC_035 -->
  <testcase name="profilePageTC_038" classname="com.healthec.test.ProfilePageUC">
    <skipped/>
  </testcase> <!-- profilePageTC_038 -->
  <testcase name="profilePageTC_033" classname="com.healthec.test.ProfilePageUC">
    <skipped/>
  </testcase> <!-- profilePageTC_033 -->
  <testcase name="profilePageTC_036" classname="com.healthec.test.ProfilePageUC">
    <skipped/>
  </testcase> <!-- profilePageTC_036 -->
  <testcase name="profilePageTC_031" classname="com.healthec.test.ProfilePageUC">
    <skipped/>
  </testcase> <!-- profilePageTC_031 -->
  <testcase name="profilePageTC_034" classname="com.healthec.test.ProfilePageUC">
    <skipped/>
  </testcase> <!-- profilePageTC_034 -->
  <testcase name="profilePageTC_032" classname="com.healthec.test.ProfilePageUC">
    <skipped/>
  </testcase> <!-- profilePageTC_032 -->
  <testcase name="profilePageTC_030" classname="com.healthec.test.ProfilePageUC">
    <skipped/>
  </testcase> <!-- profilePageTC_030 -->
  <testcase name="profilePageTC_048" classname="com.healthec.test.ProfilePageUC">
    <skipped/>
  </testcase> <!-- profilePageTC_048 -->
  <testcase name="profilePageTC_046" classname="com.healthec.test.ProfilePageUC">
    <skipped/>
  </testcase> <!-- profilePageTC_046 -->
  <testcase name="profilePageTC_049" classname="com.healthec.test.ProfilePageUC">
    <skipped/>
  </testcase> <!-- profilePageTC_049 -->
  <testcase name="profilePageTC_044" classname="com.healthec.test.ProfilePageUC">
    <skipped/>
  </testcase> <!-- profilePageTC_044 -->
  <testcase name="profilePageTC_047" classname="com.healthec.test.ProfilePageUC">
    <skipped/>
  </testcase> <!-- profilePageTC_047 -->
  <testcase name="profilePageTC_042" classname="com.healthec.test.ProfilePageUC">
    <skipped/>
  </testcase> <!-- profilePageTC_042 -->
  <testcase name="profilePageTC_045" classname="com.healthec.test.ProfilePageUC">
    <skipped/>
  </testcase> <!-- profilePageTC_045 -->
  <testcase name="profilePageTC_040" classname="com.healthec.test.ProfilePageUC">
    <skipped/>
  </testcase> <!-- profilePageTC_040 -->
  <testcase name="profilePageTC_043" classname="com.healthec.test.ProfilePageUC">
    <skipped/>
  </testcase> <!-- profilePageTC_043 -->
  <testcase name="profilePageTC_041" classname="com.healthec.test.ProfilePageUC">
    <skipped/>
  </testcase> <!-- profilePageTC_041 -->
  <testcase name="profilePageTC_059" classname="com.healthec.test.ProfilePageUC">
    <skipped/>
  </testcase> <!-- profilePageTC_059 -->
  <testcase name="profilePageTC_057" classname="com.healthec.test.ProfilePageUC">
    <skipped/>
  </testcase> <!-- profilePageTC_057 -->
  <testcase name="profilePageTC_055" classname="com.healthec.test.ProfilePageUC">
    <skipped/>
  </testcase> <!-- profilePageTC_055 -->
  <testcase name="profilePageTC_058" classname="com.healthec.test.ProfilePageUC">
    <skipped/>
  </testcase> <!-- profilePageTC_058 -->
  <testcase name="profilePageTC_053" classname="com.healthec.test.ProfilePageUC">
    <skipped/>
  </testcase> <!-- profilePageTC_053 -->
  <testcase name="profilePageTC_056" classname="com.healthec.test.ProfilePageUC">
    <skipped/>
  </testcase> <!-- profilePageTC_056 -->
  <testcase name="profilePageTC_051" classname="com.healthec.test.ProfilePageUC">
    <skipped/>
  </testcase> <!-- profilePageTC_051 -->
  <testcase name="profilePageTC_054" classname="com.healthec.test.ProfilePageUC">
    <skipped/>
  </testcase> <!-- profilePageTC_054 -->
  <testcase name="profilePageTC_052" classname="com.healthec.test.ProfilePageUC">
    <skipped/>
  </testcase> <!-- profilePageTC_052 -->
  <testcase name="profilePageTC_050" classname="com.healthec.test.ProfilePageUC">
    <skipped/>
  </testcase> <!-- profilePageTC_050 -->
  <testcase name="profilePageTC_105" classname="com.healthec.test.ProfilePageUC">
    <skipped/>
  </testcase> <!-- profilePageTC_105 -->
  <testcase name="profilePageTC_103" classname="com.healthec.test.ProfilePageUC">
    <skipped/>
  </testcase> <!-- profilePageTC_103 -->
  <testcase name="profilePageTC_106" classname="com.healthec.test.ProfilePageUC">
    <skipped/>
  </testcase> <!-- profilePageTC_106 -->
  <testcase name="profilePageTC_068" classname="com.healthec.test.ProfilePageUC">
    <skipped/>
  </testcase> <!-- profilePageTC_068 -->
  <testcase name="profilePageTC_101" classname="com.healthec.test.ProfilePageUC">
    <skipped/>
  </testcase> <!-- profilePageTC_101 -->
  <testcase name="profilePageTC_104" classname="com.healthec.test.ProfilePageUC">
    <skipped/>
  </testcase> <!-- profilePageTC_104 -->
  <testcase name="profilePageTC_066" classname="com.healthec.test.ProfilePageUC">
    <skipped/>
  </testcase> <!-- profilePageTC_066 -->
  <testcase name="profilePageTC_069" classname="com.healthec.test.ProfilePageUC">
    <skipped/>
  </testcase> <!-- profilePageTC_069 -->
  <testcase name="profilePageTC_102" classname="com.healthec.test.ProfilePageUC">
    <skipped/>
  </testcase> <!-- profilePageTC_102 -->
  <testcase name="profilePageTC_064" classname="com.healthec.test.ProfilePageUC">
    <skipped/>
  </testcase> <!-- profilePageTC_064 -->
  <testcase name="profilePageTC_067" classname="com.healthec.test.ProfilePageUC">
    <skipped/>
  </testcase> <!-- profilePageTC_067 -->
  <testcase name="profilePageTC_100" classname="com.healthec.test.ProfilePageUC">
    <skipped/>
  </testcase> <!-- profilePageTC_100 -->
  <testcase name="profilePageTC_062" classname="com.healthec.test.ProfilePageUC">
    <skipped/>
  </testcase> <!-- profilePageTC_062 -->
  <testcase name="profilePageTC_065" classname="com.healthec.test.ProfilePageUC">
    <skipped/>
  </testcase> <!-- profilePageTC_065 -->
  <testcase name="profilePageTC_060" classname="com.healthec.test.ProfilePageUC">
    <skipped/>
  </testcase> <!-- profilePageTC_060 -->
  <testcase name="profilePageTC_063" classname="com.healthec.test.ProfilePageUC">
    <skipped/>
  </testcase> <!-- profilePageTC_063 -->
  <testcase name="profilePageTC_061" classname="com.healthec.test.ProfilePageUC">
    <skipped/>
  </testcase> <!-- profilePageTC_061 -->
  <testcase name="profilePageTC_109" classname="com.healthec.test.ProfilePageUC">
    <skipped/>
  </testcase> <!-- profilePageTC_109 -->
  <testcase name="profilePageTC_107" classname="com.healthec.test.ProfilePageUC">
    <skipped/>
  </testcase> <!-- profilePageTC_107 -->
  <testcase name="profilePageTC_116" classname="com.healthec.test.ProfilePageUC">
    <skipped/>
  </testcase> <!-- profilePageTC_116 -->
  <testcase name="profilePageTC_108" classname="com.healthec.test.ProfilePageUC">
    <skipped/>
  </testcase> <!-- profilePageTC_108 -->
  <testcase name="profilePageTC_114" classname="com.healthec.test.ProfilePageUC">
    <skipped/>
  </testcase> <!-- profilePageTC_114 -->
  <testcase name="profilePageTC_117" classname="com.healthec.test.ProfilePageUC">
    <skipped/>
  </testcase> <!-- profilePageTC_117 -->
  <testcase name="profilePageTC_079" classname="com.healthec.test.ProfilePageUC">
    <skipped/>
  </testcase> <!-- profilePageTC_079 -->
  <testcase name="profilePageTC_112" classname="com.healthec.test.ProfilePageUC">
    <skipped/>
  </testcase> <!-- profilePageTC_112 -->
  <testcase name="profilePageTC_115" classname="com.healthec.test.ProfilePageUC">
    <skipped/>
  </testcase> <!-- profilePageTC_115 -->
  <testcase name="profilePageTC_077" classname="com.healthec.test.ProfilePageUC">
    <skipped/>
  </testcase> <!-- profilePageTC_077 -->
  <testcase name="profilePageTC_110" classname="com.healthec.test.ProfilePageUC">
    <skipped/>
  </testcase> <!-- profilePageTC_110 -->
  <testcase name="profilePageTC_113" classname="com.healthec.test.ProfilePageUC">
    <skipped/>
  </testcase> <!-- profilePageTC_113 -->
  <testcase name="profilePageTC_075" classname="com.healthec.test.ProfilePageUC">
    <skipped/>
  </testcase> <!-- profilePageTC_075 -->
  <testcase name="profilePageTC_078" classname="com.healthec.test.ProfilePageUC">
    <skipped/>
  </testcase> <!-- profilePageTC_078 -->
  <testcase name="profilePageTC_111" classname="com.healthec.test.ProfilePageUC">
    <skipped/>
  </testcase> <!-- profilePageTC_111 -->
  <testcase name="profilePageTC_073" classname="com.healthec.test.ProfilePageUC">
    <skipped/>
  </testcase> <!-- profilePageTC_073 -->
  <testcase name="profilePageTC_076" classname="com.healthec.test.ProfilePageUC">
    <skipped/>
  </testcase> <!-- profilePageTC_076 -->
  <testcase name="profilePageTC_071" classname="com.healthec.test.ProfilePageUC">
    <skipped/>
  </testcase> <!-- profilePageTC_071 -->
  <testcase name="profilePageTC_074" classname="com.healthec.test.ProfilePageUC">
    <skipped/>
  </testcase> <!-- profilePageTC_074 -->
  <testcase name="profilePageTC_072" classname="com.healthec.test.ProfilePageUC">
    <skipped/>
  </testcase> <!-- profilePageTC_072 -->
  <testcase name="profilePageTC_070" classname="com.healthec.test.ProfilePageUC">
    <skipped/>
  </testcase> <!-- profilePageTC_070 -->
  <testcase name="profilePageTC_118" classname="com.healthec.test.ProfilePageUC">
    <skipped/>
  </testcase> <!-- profilePageTC_118 -->
  <testcase name="profilePageTC_006" classname="com.healthec.test.ProfilePageUC">
    <skipped/>
  </testcase> <!-- profilePageTC_006 -->
  <testcase name="profilePageTC_119" classname="com.healthec.test.ProfilePageUC">
    <skipped/>
  </testcase> <!-- profilePageTC_119 -->
  <testcase name="profilePageTC_004" classname="com.healthec.test.ProfilePageUC">
    <skipped/>
  </testcase> <!-- profilePageTC_004 -->
  <testcase name="profilePageTC_007" classname="com.healthec.test.ProfilePageUC">
    <skipped/>
  </testcase> <!-- profilePageTC_007 -->
  <testcase name="profilePageTC_002" classname="com.healthec.test.ProfilePageUC">
    <skipped/>
  </testcase> <!-- profilePageTC_002 -->
  <testcase name="profilePageTC_005" classname="com.healthec.test.ProfilePageUC">
    <skipped/>
  </testcase> <!-- profilePageTC_005 -->
  <testcase name="profilePageTC_088" classname="com.healthec.test.ProfilePageUC">
    <skipped/>
  </testcase> <!-- profilePageTC_088 -->
  <testcase name="profilePageTC_121" classname="com.healthec.test.ProfilePageUC">
    <skipped/>
  </testcase> <!-- profilePageTC_121 -->
  <testcase name="profilePageTC_003" classname="com.healthec.test.ProfilePageUC">
    <skipped/>
  </testcase> <!-- profilePageTC_003 -->
  <testcase name="profilePageTC_086" classname="com.healthec.test.ProfilePageUC">
    <skipped/>
  </testcase> <!-- profilePageTC_086 -->
  <testcase name="profilePageTC_089" classname="com.healthec.test.ProfilePageUC">
    <skipped/>
  </testcase> <!-- profilePageTC_089 -->
  <testcase name="profilePageTC_122" classname="com.healthec.test.ProfilePageUC">
    <skipped/>
  </testcase> <!-- profilePageTC_122 -->
  <testcase name="profilePageTC_084" classname="com.healthec.test.ProfilePageUC">
    <skipped/>
  </testcase> <!-- profilePageTC_084 -->
  <testcase name="profilePageTC_087" classname="com.healthec.test.ProfilePageUC">
    <skipped/>
  </testcase> <!-- profilePageTC_087 -->
  <testcase name="profilePageTC_120" classname="com.healthec.test.ProfilePageUC">
    <skipped/>
  </testcase> <!-- profilePageTC_120 -->
  <testcase name="profilePageTC_082" classname="com.healthec.test.ProfilePageUC">
    <skipped/>
  </testcase> <!-- profilePageTC_082 -->
  <testcase name="profilePageTC_085" classname="com.healthec.test.ProfilePageUC">
    <skipped/>
  </testcase> <!-- profilePageTC_085 -->
  <testcase name="profilePageTC_080" classname="com.healthec.test.ProfilePageUC">
    <skipped/>
  </testcase> <!-- profilePageTC_080 -->
  <testcase name="profilePageTC_083" classname="com.healthec.test.ProfilePageUC">
    <skipped/>
  </testcase> <!-- profilePageTC_083 -->
  <testcase name="profilePageTC_081" classname="com.healthec.test.ProfilePageUC">
    <skipped/>
  </testcase> <!-- profilePageTC_081 -->
</testsuite> <!-- com.healthec.test.ProfilePageUC -->
