<?xml version="1.0" encoding="UTF-8"?>
<!-- Generated by org.testng.reporters.JUnitReportReporter -->
<testsuite skipped="10" hostname="DT-AKASHM" name="com.healthec.test.LoginPageUC" tests="11" failures="0" timestamp="05 Jun 2018 13:49:20 GMT" time="25.187" errors="0">
  <testcase name="Loginpage_TC_011" time="25.187" classname="com.healthec.test.LoginPageUC"/>
  <testcase name="Loginpage_TC_007" classname="com.healthec.test.LoginPageUC">
    <skipped/>
  </testcase> <!-- Loginpage_TC_007 -->
  <testcase name="Loginpage_TC_009" classname="com.healthec.test.LoginPageUC">
    <skipped/>
  </testcase> <!-- Loginpage_TC_009 -->
  <testcase name="Loginpage_TC_006" classname="com.healthec.test.LoginPageUC">
    <skipped/>
  </testcase> <!-- Loginpage_TC_006 -->
  <testcase name="loginpage_TC_010" classname="com.healthec.test.LoginPageUC">
    <skipped/>
  </testcase> <!-- loginpage_TC_010 -->
  <testcase name="Loginpage_TC_003" classname="com.healthec.test.LoginPageUC">
    <skipped/>
  </testcase> <!-- Loginpage_TC_003 -->
  <testcase name="Loginpage_TC_008" classname="com.healthec.test.LoginPageUC">
    <skipped/>
  </testcase> <!-- Loginpage_TC_008 -->
  <testcase name="Loginpage_TC_005" classname="com.healthec.test.LoginPageUC">
    <skipped/>
  </testcase> <!-- Loginpage_TC_005 -->
  <testcase name="Loginpage_TC_002" classname="com.healthec.test.LoginPageUC">
    <skipped/>
  </testcase> <!-- Loginpage_TC_002 -->
  <testcase name="Loginpage_TC_004" classname="com.healthec.test.LoginPageUC">
    <skipped/>
  </testcase> <!-- Loginpage_TC_004 -->
  <testcase name="Loginpage_TC_001" classname="com.healthec.test.LoginPageUC">
    <skipped/>
  </testcase> <!-- Loginpage_TC_001 -->
</testsuite> <!-- com.healthec.test.LoginPageUC -->
