<?xml version="1.0" encoding="UTF-8"?>
<!-- Generated by org.testng.reporters.JUnitReportReporter -->
<testsuite skipped="14" hostname="DT-AKASHM" name="com.healthec.test.DashboardPageUC" tests="15" failures="0" timestamp="05 Jun 2018 13:49:20 GMT" time="4.504" errors="0">
  <testcase name="dashBoardPageTC_003" time="4.504" classname="com.healthec.test.DashboardPageUC"/>
  <testcase name="dashBoardPageTC_009" classname="com.healthec.test.DashboardPageUC">
    <skipped/>
  </testcase> <!-- dashBoardPageTC_009 -->
  <testcase name="dashBoardPageTC_016" classname="com.healthec.test.DashboardPageUC">
    <skipped/>
  </testcase> <!-- dashBoardPageTC_016 -->
  <testcase name="dashBoardPageTC_018" classname="com.healthec.test.DashboardPageUC">
    <skipped/>
  </testcase> <!-- dashBoardPageTC_018 -->
  <testcase name="dashBoardPageTC_007" classname="com.healthec.test.DashboardPageUC">
    <skipped/>
  </testcase> <!-- dashBoardPageTC_007 -->
  <testcase name="dashBoardPageTC_017" classname="com.healthec.test.DashboardPageUC">
    <skipped/>
  </testcase> <!-- dashBoardPageTC_017 -->
  <testcase name="dashBoardPageTC_006" classname="com.healthec.test.DashboardPageUC">
    <skipped/>
  </testcase> <!-- dashBoardPageTC_006 -->
  <testcase name="dashBoardPageTC_008" classname="com.healthec.test.DashboardPageUC">
    <skipped/>
  </testcase> <!-- dashBoardPageTC_008 -->
  <testcase name="dashBoardPageTC_019" classname="com.healthec.test.DashboardPageUC">
    <skipped/>
  </testcase> <!-- dashBoardPageTC_019 -->
  <testcase name="dashBoardPageTC_014" classname="com.healthec.test.DashboardPageUC">
    <skipped/>
  </testcase> <!-- dashBoardPageTC_014 -->
  <testcase name="dashBoardPageTC_013" classname="com.healthec.test.DashboardPageUC">
    <skipped/>
  </testcase> <!-- dashBoardPageTC_013 -->
  <testcase name="dashBoardPageTC_015" classname="com.healthec.test.DashboardPageUC">
    <skipped/>
  </testcase> <!-- dashBoardPageTC_015 -->
  <testcase name="dashBoardPageTC_010" classname="com.healthec.test.DashboardPageUC">
    <skipped/>
  </testcase> <!-- dashBoardPageTC_010 -->
  <testcase name="dashBoardPageTC_020" classname="com.healthec.test.DashboardPageUC">
    <skipped/>
  </testcase> <!-- dashBoardPageTC_020 -->
  <testcase name="dashBoardPageTC_011" classname="com.healthec.test.DashboardPageUC">
    <skipped/>
  </testcase> <!-- dashBoardPageTC_011 -->
</testsuite> <!-- com.healthec.test.DashboardPageUC -->
