<?xml version="1.0" encoding="UTF-8"?>
<!-- Generated by org.testng.reporters.JUnitReportReporter -->
<testsuite skipped="15" hostname="DT-AKASHM" name="com.healthec.test.DashboardPageUC" tests="16" failures="0" timestamp="04 Jun 2018 10:35:54 GMT" time="0.002" errors="1">
  <testcase name="beforeDashboardPageClass" time="0.002" classname="com.healthec.test.DashboardPageUC">
    <error type="java.lang.NullPointerException">
      <![CDATA[java.lang.NullPointerException
	at com.healthec.test.DashboardPageUC.beforeDashboardPageClass(DashboardPageUC.java:31)
	at sun.reflect.NativeMethodAccessorImpl.invoke0(Native Method)
	at sun.reflect.NativeMethodAccessorImpl.invoke(NativeMethodAccessorImpl.java:62)
	at sun.reflect.DelegatingMethodAccessorImpl.invoke(DelegatingMethodAccessorImpl.java:43)
	at java.lang.reflect.Method.invoke(Method.java:498)
	at org.testng.internal.MethodInvocationHelper.invokeMethod(MethodInvocationHelper.java:108)
	at org.testng.internal.Invoker.invokeConfigurationMethod(Invoker.java:523)
	at org.testng.internal.Invoker.invokeConfigurations(Invoker.java:224)
	at org.testng.internal.Invoker.invokeConfigurations(Invoker.java:146)
	at org.testng.internal.TestMethodWorker.invokeBeforeClassMethods(TestMethodWorker.java:166)
	at org.testng.internal.TestMethodWorker.run(TestMethodWorker.java:105)
	at org.testng.TestRunner.privateRun(TestRunner.java:744)
	at org.testng.TestRunner.run(TestRunner.java:602)
	at org.testng.SuiteRunner.runTest(SuiteRunner.java:380)
	at org.testng.SuiteRunner.runSequentially(SuiteRunner.java:375)
	at org.testng.SuiteRunner.privateRun(SuiteRunner.java:340)
	at org.testng.SuiteRunner.run(SuiteRunner.java:289)
	at org.testng.SuiteRunnerWorker.runSuite(SuiteRunnerWorker.java:52)
	at org.testng.SuiteRunnerWorker.run(SuiteRunnerWorker.java:86)
	at org.testng.TestNG.runSuitesSequentially(TestNG.java:1301)
	at org.testng.TestNG.runSuitesLocally(TestNG.java:1226)
	at org.testng.TestNG.runSuites(TestNG.java:1144)
	at org.testng.TestNG.run(TestNG.java:1115)
	at org.testng.IDEARemoteTestNG.run(IDEARemoteTestNG.java:72)
	at org.testng.RemoteTestNGStarter.main(RemoteTestNGStarter.java:123)
]]>
    </error>
  </testcase> <!-- beforeDashboardPageClass -->
  <testcase name="dashBoardPageTC_003" time="0.000" classname="com.healthec.test.DashboardPageUC">
    <skipped/>
  </testcase> <!-- dashBoardPageTC_003 -->
  <testcase name="dashBoardPageTC_009" classname="com.healthec.test.DashboardPageUC">
    <skipped/>
  </testcase> <!-- dashBoardPageTC_009 -->
  <testcase name="dashBoardPageTC_016" classname="com.healthec.test.DashboardPageUC">
    <skipped/>
  </testcase> <!-- dashBoardPageTC_016 -->
  <testcase name="dashBoardPageTC_018" classname="com.healthec.test.DashboardPageUC">
    <skipped/>
  </testcase> <!-- dashBoardPageTC_018 -->
  <testcase name="dashBoardPageTC_007" classname="com.healthec.test.DashboardPageUC">
    <skipped/>
  </testcase> <!-- dashBoardPageTC_007 -->
  <testcase name="dashBoardPageTC_017" classname="com.healthec.test.DashboardPageUC">
    <skipped/>
  </testcase> <!-- dashBoardPageTC_017 -->
  <testcase name="dashBoardPageTC_006" classname="com.healthec.test.DashboardPageUC">
    <skipped/>
  </testcase> <!-- dashBoardPageTC_006 -->
  <testcase name="dashBoardPageTC_019" classname="com.healthec.test.DashboardPageUC">
    <skipped/>
  </testcase> <!-- dashBoardPageTC_019 -->
  <testcase name="dashBoardPageTC_008" classname="com.healthec.test.DashboardPageUC">
    <skipped/>
  </testcase> <!-- dashBoardPageTC_008 -->
  <testcase name="dashBoardPageTC_014" classname="com.healthec.test.DashboardPageUC">
    <skipped/>
  </testcase> <!-- dashBoardPageTC_014 -->
  <testcase name="dashBoardPageTC_013" classname="com.healthec.test.DashboardPageUC">
    <skipped/>
  </testcase> <!-- dashBoardPageTC_013 -->
  <testcase name="dashBoardPageTC_015" classname="com.healthec.test.DashboardPageUC">
    <skipped/>
  </testcase> <!-- dashBoardPageTC_015 -->
  <testcase name="dashBoardPageTC_010" classname="com.healthec.test.DashboardPageUC">
    <skipped/>
  </testcase> <!-- dashBoardPageTC_010 -->
  <testcase name="dashBoardPageTC_020" classname="com.healthec.test.DashboardPageUC">
    <skipped/>
  </testcase> <!-- dashBoardPageTC_020 -->
  <testcase name="dashBoardPageTC_011" classname="com.healthec.test.DashboardPageUC">
    <skipped/>
  </testcase> <!-- dashBoardPageTC_011 -->
</testsuite> <!-- com.healthec.test.DashboardPageUC -->
